\BOOKMARK [1][-]{section.1}{\376\377\000I\000n\000t\000r\000o\000d\000u\000c\000t\000i\000o\000n}{}% 1
\BOOKMARK [2][-]{subsection.1.1}{\376\377\000T\000h\000e\000\040\000L\000u\000x\000\040\000N\000e\000t\000w\000o\000r\000k\000\040\000V\000i\000s\000i\000o\000n}{section.1}% 2
\BOOKMARK [2][-]{subsection.1.2}{\376\377\000K\000e\000y\000\040\000E\000c\000o\000n\000o\000m\000i\000c\000\040\000P\000r\000o\000p\000e\000r\000t\000i\000e\000s}{section.1}% 3
\BOOKMARK [1][-]{section.2}{\376\377\000T\000o\000k\000e\000n\000\040\000D\000i\000s\000t\000r\000i\000b\000u\000t\000i\000o\000n}{}% 4
\BOOKMARK [2][-]{subsection.2.1}{\376\377\000T\000o\000t\000a\000l\000\040\000S\000u\000p\000p\000l\000y}{section.2}% 5
\BOOKMARK [2][-]{subsection.2.2}{\376\377\000I\000n\000i\000t\000i\000a\000l\000\040\000A\000l\000l\000o\000c\000a\000t\000i\000o\000n}{section.2}% 6
\BOOKMARK [2][-]{subsection.2.3}{\376\377\000K\000e\000y\000\040\000M\000e\000t\000r\000i\000c\000s}{section.2}% 7
\BOOKMARK [2][-]{subsection.2.4}{\376\377\000V\000e\000s\000t\000i\000n\000g\000\040\000S\000c\000h\000e\000d\000u\000l\000e\000s}{section.2}% 8
\BOOKMARK [1][-]{section.3}{\376\377\000D\000e\000f\000l\000a\000t\000i\000o\000n\000a\000r\000y\000\040\000M\000e\000c\000h\000a\000n\000i\000c\000s}{}% 9
\BOOKMARK [2][-]{subsection.3.1}{\376\377\000F\000e\000e\000\040\000B\000u\000r\000n\000i\000n\000g}{section.3}% 10
\BOOKMARK [2][-]{subsection.3.2}{\376\377\000S\000u\000p\000p\000l\000y\000\040\000R\000e\000d\000u\000c\000t\000i\000o\000n\000\040\000O\000v\000e\000r\000\040\000T\000i\000m\000e}{section.3}% 11
\BOOKMARK [2][-]{subsection.3.3}{\376\377\000R\000e\000m\000a\000i\000n\000i\000n\000g\000\040\000F\000e\000e\000\040\000D\000i\000s\000t\000r\000i\000b\000u\000t\000i\000o\000n}{section.3}% 12
\BOOKMARK [1][-]{section.4}{\376\377\000V\000a\000l\000i\000d\000a\000t\000o\000r\000\040\000E\000c\000o\000n\000o\000m\000i\000c\000s}{}% 13
\BOOKMARK [2][-]{subsection.4.1}{\376\377\000V\000a\000l\000i\000d\000a\000t\000o\000r\000\040\000T\000i\000e\000r\000s}{section.4}% 14
\BOOKMARK [2][-]{subsection.4.2}{\376\377\000V\000a\000l\000i\000d\000a\000t\000o\000r\000\040\000C\000o\000u\000n\000t\000s\000\040\000S\000u\000m\000m\000a\000r\000y}{section.4}% 15
\BOOKMARK [1][-]{section.5}{\376\377\000N\000F\000T\000\040\000S\000y\000s\000t\000e\000m}{}% 16
\BOOKMARK [2][-]{subsection.5.1}{\376\377\000N\000F\000T\000\040\000T\000y\000p\000e\000s}{section.5}% 17
\BOOKMARK [2][-]{subsection.5.2}{\376\377\000N\000F\000T\000\040\000T\000i\000e\000r\000s}{section.5}% 18
\BOOKMARK [2][-]{subsection.5.3}{\376\377\000E\000t\000h\000e\000r\000e\000u\000m\000\040\000G\000e\000n\000e\000s\000i\000s\000\040\000C\000o\000l\000l\000e\000c\000t\000i\000o\000n}{section.5}% 19
\BOOKMARK [2][-]{subsection.5.4}{\376\377\000P\000e\000r\000m\000a\000n\000e\000n\000t\000\040\000L\000U\000X\000\040\000L\000o\000c\000k\000i\000n\000g}{section.5}% 20
\BOOKMARK [2][-]{subsection.5.5}{\376\377\000N\000F\000T\000\040\000H\000o\000l\000d\000e\000r\000\040\000B\000e\000n\000e\000f\000i\000t\000s}{section.5}% 21
\BOOKMARK [1][-]{section.6}{\376\377\000S\000t\000a\000k\000i\000n\000g\000\040\000R\000e\000w\000a\000r\000d\000s}{}% 22
\BOOKMARK [2][-]{subsection.6.1}{\376\377\000L\000i\000q\000u\000i\000d\000i\000t\000y\000\040\000P\000r\000o\000v\000i\000d\000e\000r\000\040\000R\000e\000w\000a\000r\000d\000s}{section.6}% 23
\BOOKMARK [2][-]{subsection.6.2}{\376\377\000S\000i\000n\000g\000l\000e\000-\000S\000i\000d\000e\000d\000\040\000S\000t\000a\000k\000i\000n\000g}{section.6}% 24
\BOOKMARK [2][-]{subsection.6.3}{\376\377\000S\000t\000a\000k\000i\000n\000g\000\040\000v\000s\000\040\000L\000P\000\040\000C\000o\000m\000p\000a\000r\000i\000s\000o\000n}{section.6}% 25
\BOOKMARK [1][-]{section.7}{\376\377\000V\000o\000t\000e\000-\000E\000s\000c\000r\000o\000w\000e\000d\000\040\000T\000o\000k\000e\000n\000o\000m\000i\000c\000s\000\040\000\050\000v\000L\000U\000X\000\051}{}% 26
\BOOKMARK [2][-]{subsection.7.1}{\376\377\000L\000o\000c\000k\000\040\000M\000e\000c\000h\000a\000n\000i\000s\000m}{section.7}% 27
\BOOKMARK [2][-]{subsection.7.2}{\376\377\000V\000o\000t\000i\000n\000g\000\040\000P\000o\000w\000e\000r\000\040\000D\000e\000c\000a\000y}{section.7}% 28
\BOOKMARK [2][-]{subsection.7.3}{\376\377\000G\000a\000u\000g\000e\000\040\000V\000o\000t\000i\000n\000g}{section.7}% 29
\BOOKMARK [1][-]{section.8}{\376\377\000S\000t\000a\000k\000e\000d\000\040\000L\000U\000X\000\040\000\050\000s\000L\000U\000X\000\051}{}% 30
\BOOKMARK [2][-]{subsection.8.1}{\376\377\000O\000v\000e\000r\000v\000i\000e\000w}{section.8}% 31
\BOOKMARK [2][-]{subsection.8.2}{\376\377\000E\000x\000c\000h\000a\000n\000g\000e\000\040\000R\000a\000t\000e}{section.8}% 32
\BOOKMARK [2][-]{subsection.8.3}{\376\377\000C\000o\000o\000l\000d\000o\000w\000n\000\040\000P\000e\000r\000i\000o\000d}{section.8}% 33
\BOOKMARK [1][-]{section.9}{\376\377\000S\000y\000n\000t\000h\000e\000t\000i\000c\000\040\000A\000s\000s\000e\000t\000s}{}% 34
\BOOKMARK [2][-]{subsection.9.1}{\376\377\000T\000h\000e\000\040\000S\000y\000n\000t\000h\000\040\000P\000r\000o\000t\000o\000c\000o\000l}{section.9}% 35
\BOOKMARK [2][-]{subsection.9.2}{\376\377\000S\000u\000p\000p\000o\000r\000t\000e\000d\000\040\000S\000y\000n\000t\000h\000s}{section.9}% 36
\BOOKMARK [1][-]{section.10}{\376\377\000S\000m\000a\000r\000t\000\040\000C\000o\000n\000t\000r\000a\000c\000t\000\040\000A\000r\000c\000h\000i\000t\000e\000c\000t\000u\000r\000e}{}% 37
\BOOKMARK [2][-]{subsection.10.1}{\376\377\000C\000o\000r\000e\000\040\000C\000o\000n\000t\000r\000a\000c\000t\000s}{section.10}% 38
\BOOKMARK [2][-]{subsection.10.2}{\376\377\000C\000o\000n\000t\000r\000a\000c\000t\000\040\000I\000n\000t\000e\000r\000a\000c\000t\000i\000o\000n\000s}{section.10}% 39
\BOOKMARK [1][-]{section.11}{\376\377\000S\000e\000c\000u\000r\000i\000t\000y\000\040\000C\000o\000n\000s\000i\000d\000e\000r\000a\000t\000i\000o\000n\000s}{}% 40
\BOOKMARK [2][-]{subsection.11.1}{\376\377\000E\000c\000o\000n\000o\000m\000i\000c\000\040\000S\000e\000c\000u\000r\000i\000t\000y}{section.11}% 41
\BOOKMARK [2][-]{subsection.11.2}{\376\377\000S\000l\000a\000s\000h\000i\000n\000g\000\040\000P\000r\000o\000t\000e\000c\000t\000i\000o\000n}{section.11}% 42
\BOOKMARK [1][-]{section.12}{\376\377\000G\000o\000v\000e\000r\000n\000a\000n\000c\000e\000\040\000a\000n\000d\000\040\000D\000A\000O}{}% 43
\BOOKMARK [2][-]{subsection.12.1}{\376\377\000D\000A\000O\000\040\000S\000t\000r\000u\000c\000t\000u\000r\000e}{section.12}% 44
\BOOKMARK [2][-]{subsection.12.2}{\376\377\000S\000u\000b\000D\000A\000O\000s}{section.12}% 45
\BOOKMARK [1][-]{section.13}{\376\377\000C\000o\000n\000c\000l\000u\000s\000i\000o\000n}{}% 46
\BOOKMARK [1][-]{appendix.A}{\376\377\000A\000p\000p\000e\000n\000d\000i\000x\000:\000\040\000T\000o\000k\000e\000n\000\040\000S\000u\000m\000m\000a\000r\000y}{}% 47
\BOOKMARK [1][-]{appendix.B}{\376\377\000A\000p\000p\000e\000n\000d\000i\000x\000:\000\040\000R\000e\000f\000e\000r\000e\000n\000c\000e\000s}{}% 48
